Arguments: 
  /home/adc/.nvm/versions/node/v8.16.0/bin/node /usr/share/yarn/bin/yarn.js add higcharts

PATH: 
  /home/adc/bin:/home/adc/bin:/home/adc/.nvm/versions/node/v8.16.0/bin:/home/adc/.rvm/gems/ruby-2.5.3/bin:/home/adc/.rvm/gems/ruby-2.5.3@global/bin:/home/adc/.rvm/rubies/ruby-2.5.3/bin:/home/adc/bin:/usr/local/sbin:/usr/local/bin:/usr/sbin:/usr/bin:/sbin:/bin:/usr/games:/usr/local/games:/snap/bin:/home/adc/.rvm/bin:/home/adc/.rvm/bin:/home/adc/.rvm/bin:/home/adc/.rvm/bin:/home/adc/.rvm/bin

Yarn version: 
  1.22.4

Node version: 
  8.16.0

Platform: 
  linux x64

Trace: 
  Error: https://registry.yarnpkg.com/higcharts: Not found
      at Request.params.callback [as _callback] (/usr/share/yarn/lib/cli.js:66987:18)
      at Request.self.callback (/usr/share/yarn/lib/cli.js:140748:22)
      at emitTwo (events.js:126:13)
      at Request.emit (events.js:214:7)
      at Request.<anonymous> (/usr/share/yarn/lib/cli.js:141720:10)
      at emitOne (events.js:116:13)
      at Request.emit (events.js:211:7)
      at IncomingMessage.<anonymous> (/usr/share/yarn/lib/cli.js:141642:12)
      at Object.onceWrapper (events.js:313:30)
      at emitNone (events.js:111:20)

npm manifest: 
  {
    "name": "bookmarks",
    "private": true,
    "dependencies": {
      "jquery": "^3.5.1"
    }
  }

yarn manifest: 
  No manifest

Lockfile: 
  # THIS IS AN AUTOGENERATED FILE. DO NOT EDIT THIS FILE DIRECTLY.
  # yarn lockfile v1
  
  
  jquery@^3.5.1:
    version "3.5.1"
    resolved "https://registry.yarnpkg.com/jquery/-/jquery-3.5.1.tgz#d7b4d08e1bfdb86ad2f1a3d039ea17304717abb5"
    integrity sha512-XwIBPqcMn57FxfT+Go5pzySnm4KWkT1Tv7gjrpT1srtf8Weynl6R273VJ5GjkRb51IzMp5nbaPjJXMWeju2MKg==
